{"name": "User is able to login to Reelly", "status": "broken", "statusDetails": {"message": "selenium.common.exceptions.TimeoutException: Message: Element via ('css selector', '.h1-menu') is not visible\nStacktrace:\nRemoteError@chrome://remote/content/shared/RemoteError.sys.mjs:8:8\nWebDriverError@chrome://remote/content/shared/webdriver/Errors.sys.mjs:192:5\nNoSuchElementError@chrome://remote/content/shared/webdriver/Errors.sys.mjs:510:5\ndom.find/</<@chrome://remote/content/shared/DOM.sys.mjs:136:16\n\n", "trace": "  File \"C:\\Users\\annal\\AppData\\Local\\Programs\\Python\\Python312\\Lib\\site-packages\\behave\\model.py\", line 1329, in run\n    match.run(runner.context)\n  File \"C:\\Users\\annal\\AppData\\Local\\Programs\\Python\\Python312\\Lib\\site-packages\\behave\\matchers.py\", line 98, in run\n    self.func(context, *args, **kwargs)\n  File \"features\\steps\\main_steps.py\", line 20, in verify_main_page\n    context.app.main_page.verify_main_page()\n  File \"C:\\Users\\annal\\Documents\\GitHub\\internship-project\\pages\\main_page.py\", line 12, in verify_main_page\n    self.verify_text('Main menu', *self.MAIN_MENU_TEXT)\n  File \"C:\\Users\\annal\\Documents\\GitHub\\internship-project\\pages\\base_page.py\", line 34, in verify_text\n    actual_text = self.wait.until(\n                  ^^^^^^^^^^^^^^^^\n  File \"C:\\Users\\annal\\AppData\\Local\\Programs\\Python\\Python312\\Lib\\site-packages\\selenium\\webdriver\\support\\wait.py\", line 105, in until\n    raise TimeoutException(message, screen, stacktrace)\n"}, "steps": [{"name": "Given I navigate to: https://soft.reelly.io/sign-in", "status": "passed", "start": 1711743029939, "stop": 1711743034242}, {"name": "When I input username: annabellechang95@gmail.com", "status": "passed", "start": 1711743034242, "stop": 1711743034515}, {"name": "When I input password: Lingling1!", "status": "passed", "start": 1711743034516, "stop": 1711743034682}, {"name": "When I click button: Continue", "status": "passed", "start": 1711743034683, "stop": 1711743035069}, {"name": "Then I verify page is displayed: MainPage", "status": "broken", "statusDetails": {"message": "selenium.common.exceptions.TimeoutException: Message: Element via ('css selector', '.h1-menu') is not visible\nStacktrace:\nRemoteError@chrome://remote/content/shared/RemoteError.sys.mjs:8:8\nWebDriverError@chrome://remote/content/shared/webdriver/Errors.sys.mjs:192:5\nNoSuchElementError@chrome://remote/content/shared/webdriver/Errors.sys.mjs:510:5\ndom.find/</<@chrome://remote/content/shared/DOM.sys.mjs:136:16\n\n", "trace": "  File \"C:\\Users\\annal\\AppData\\Local\\Programs\\Python\\Python312\\Lib\\site-packages\\behave\\model.py\", line 1329, in run\n    match.run(runner.context)\n  File \"C:\\Users\\annal\\AppData\\Local\\Programs\\Python\\Python312\\Lib\\site-packages\\behave\\matchers.py\", line 98, in run\n    self.func(context, *args, **kwargs)\n  File \"features\\steps\\main_steps.py\", line 20, in verify_main_page\n    context.app.main_page.verify_main_page()\n  File \"C:\\Users\\annal\\Documents\\GitHub\\internship-project\\pages\\main_page.py\", line 12, in verify_main_page\n    self.verify_text('Main menu', *self.MAIN_MENU_TEXT)\n  File \"C:\\Users\\annal\\Documents\\GitHub\\internship-project\\pages\\base_page.py\", line 34, in verify_text\n    actual_text = self.wait.until(\n                  ^^^^^^^^^^^^^^^^\n  File \"C:\\Users\\annal\\AppData\\Local\\Programs\\Python\\Python312\\Lib\\site-packages\\selenium\\webdriver\\support\\wait.py\", line 105, in until\n    raise TimeoutException(message, screen, stacktrace)\n"}, "start": 1711743035069, "stop": 1711743047445}], "start": 1711743012534, "stop": 1711743052378, "uuid": "bee338ef-907e-4ec1-bae9-b186bfd0d939", "historyId": "3333482459495464043746196c478ec4", "fullName": "Test Scenarios for Reelly: User is able to login to Reelly", "labels": [{"name": "severity", "value": "normal"}, {"name": "tag", "value": "smoke"}, {"name": "feature", "value": "Test Scenarios for Reelly"}, {"name": "framework", "value": "behave"}, {"name": "language", "value": "cpython3"}]}